<?xml version="1.0" encoding="UTF-8"?>
<testng-results ignored="0" total="2" passed="2" failed="0" skipped="0">
  <reporter-output>
  </reporter-output>
  <suite started-at="2025-09-14T11:55:01 IST" name="Surefire suite" finished-at="2025-09-14T11:55:07 IST" duration-ms="5947">
    <groups>
    </groups>
    <test started-at="2025-09-14T11:55:01 IST" name="Surefire test" finished-at="2025-09-14T11:55:07 IST" duration-ms="5947">
      <class name="com.transflower.LoginTest">
        <test-method is-config="true" signature="setup()[pri:0, instance:com.transflower.LoginTest@4b5d6a01]" started-at="2025-09-14T11:55:01 IST" name="setup" finished-at="2025-09-14T11:55:05 IST" duration-ms="3849" status="PASS">
          <reporter-output>
          </reporter-output>
        </test-method> <!-- setup -->
        <test-method signature="testLoginButtonExists()[pri:0, instance:com.transflower.LoginTest@4b5d6a01]" started-at="2025-09-14T11:55:05 IST" name="testLoginButtonExists" finished-at="2025-09-14T11:55:07 IST" duration-ms="1611" status="PASS">
          <reporter-output>
          </reporter-output>
        </test-method> <!-- testLoginButtonExists -->
        <test-method signature="testLoginPageTitle()[pri:0, instance:com.transflower.LoginTest@4b5d6a01]" started-at="2025-09-14T11:55:07 IST" name="testLoginPageTitle" finished-at="2025-09-14T11:55:07 IST" duration-ms="83" status="PASS">
          <reporter-output>
          </reporter-output>
        </test-method> <!-- testLoginPageTitle -->
        <test-method is-config="true" signature="teardown()[pri:0, instance:com.transflower.LoginTest@4b5d6a01]" started-at="2025-09-14T11:55:07 IST" name="teardown" finished-at="2025-09-14T11:55:07 IST" duration-ms="348" status="PASS">
          <reporter-output>
          </reporter-output>
        </test-method> <!-- teardown -->
      </class> <!-- com.transflower.LoginTest -->
    </test> <!-- Surefire test -->
  </suite> <!-- Surefire suite -->
</testng-results>
